生成启动时间为 2021/7/18 20:19:10。
     1>项目“E:\source\soui-master\BlurWindow\BlurWindow\BlurWindow.vcxproj”在节点 2 上(Build 个目标)。
     1>C:\Program Files (x86)\MSBuild\Microsoft.Cpp\v4.0\V120\Microsoft.CppBuild.targets(364,5): warning MSB8004: Output Directory does not end with a trailing slash.  This build instance will add the slash as it is required to allow proper evaluation of the Output Directory.
     1>ClCompile:
         D:\Program Files (x86)\Microsoft Visual Studio 12.0\VC\bin\x86_amd64\CL.exe /c /I"E:\source\soui-master\config" /I"E:\source\soui-master\components" /I"E:\source\soui-master\SOUI\include" /I"E:\source\soui-master\utilities\include" /ZI /nologo /W3 /WX- /Od /D WIN64 /D _WINDOWS /D STRICT /D _DEBUG /D _AFXDLL /D _UNICODE /D UNICODE /Gm /EHsc /RTC1 /MDd /GS /fp:precise /Zc:wchar_t /Zc:forScope /Yu"stdafx.h" /Fp"Debug64\BlurWindow.pch" /Fo"Debug64\\" /Fd"Debug64\vc120.pdb" /FR"Debug64\\" /Gd /TP /errorReport:prompt BlurImg.cpp
     1>cl : 命令行 warning D9038: 此平台上不支持 /ZI；请启用 /Zi
     1>cl : 命令行 warning D9007: “/Gm”需要“/Zi”；选项被忽略
         BlurImg.cpp
       Link:
         D:\Program Files (x86)\Microsoft Visual Studio 12.0\VC\bin\x86_amd64\link.exe /ERRORREPORT:PROMPT /OUT:"E:\source\soui-master\bin64\BlurWindow.exe" /INCREMENTAL /NOLOGO /LIBPATH:"E:\source\soui-master\bin64" /LIBPATH:..\bin64 soui3d.lib mhookd.lib smileyd.lib utilitiesd.lib skiad.lib kernel32.lib user32.lib gdi32.lib winspool.lib comdlg32.lib advapi32.lib shell32.lib ole32.lib oleaut32.lib uuid.lib odbc32.lib odbccp32.lib /MANIFEST /MANIFESTUAC:"level='asInvoker' uiAccess='false'" /manifest:embed /DEBUG /PDB:"E:\source\soui-master\bin64\BlurWindow.pdb" /SUBSYSTEM:WINDOWS /TLBID:1 /DYNAMICBASE /NXCOMPAT /IMPLIB:"E:\source\soui-master\bin64\BlurWindow.lib" /MACHINE:X64 Debug64\BlurWindow.res
         Debug64\BlurImg.obj
         Debug64\BlurWindow.obj
         Debug64\GaussianBlur.obj
         Debug64\gpipng.obj
         Debug64\MainDlg.obj
         Debug64\stdafx.obj
         Debug64\SShellNofityHwnd2.obj
         Debug64\SShellNotifyIcon.obj
         BlurWindow.vcxproj -> E:\source\soui-master\bin64\BlurWindow.exe
       BscMake:
         D:\Program Files (x86)\Microsoft Visual Studio 12.0\VC\bin\bscmake.exe /nologo /o"E:\source\soui-master\bin64\BlurWindow.bsc" Debug64\BlurImg.sbr Debug64\BlurWindow.sbr Debug64\GaussianBlur.sbr Debug64\gpipng.sbr Debug64\MainDlg.sbr Debug64\stdafx.sbr Debug64\SShellNofityHwnd2.sbr Debug64\SShellNotifyIcon.sbr
     1>已完成生成项目“E:\source\soui-master\BlurWindow\BlurWindow\BlurWindow.vcxproj”(Build 个目标)的操作。

生成成功。

已用时间 00:00:00.78
