e:\source\soui-master\blurwindow\blurwindow\debug\blurwindow.pch
e:\source\soui-master\blurwindow\blurwindow\debug\vc120.pdb
e:\source\soui-master\blurwindow\blurwindow\debug\vc120.idb
e:\source\soui-master\blurwindow\blurwindow\debug\stdafx.sbr
e:\source\soui-master\blurwindow\blurwindow\debug\stdafx.obj
e:\source\soui-master\blurwindow\blurwindow\debug\sshellnotifyicon.sbr
e:\source\soui-master\blurwindow\blurwindow\debug\sshellnofityhwnd2.sbr
e:\source\soui-master\blurwindow\blurwindow\debug\maindlg.sbr
e:\source\soui-master\blurwindow\blurwindow\debug\blurwindow.sbr
e:\source\soui-master\blurwindow\blurwindow\debug\blurwindow.obj
e:\source\soui-master\blurwindow\blurwindow\debug\maindlg.obj
e:\source\soui-master\blurwindow\blurwindow\debug\sshellnofityhwnd2.obj
e:\source\soui-master\blurwindow\blurwindow\debug\sshellnotifyicon.obj
e:\source\soui-master\blurwindow\blurwindow\res\soui_res.rc2
e:\source\soui-master\blurwindow\blurwindow\debug\blurwindow.res
e:\source\soui-master\blurwindow\blurwindow\debug\blurwindow.tlog\cl.command.1.tlog
e:\source\soui-master\blurwindow\blurwindow\debug\blurwindow.tlog\cl.read.1.tlog
e:\source\soui-master\blurwindow\blurwindow\debug\blurwindow.tlog\cl.write.1.tlog
e:\source\soui-master\blurwindow\blurwindow\debug\blurwindow.tlog\custombuild.command.1.tlog
e:\source\soui-master\blurwindow\blurwindow\debug\blurwindow.tlog\custombuild.read.1.tlog
e:\source\soui-master\blurwindow\blurwindow\debug\blurwindow.tlog\custombuild.write.1.tlog
e:\source\soui-master\blurwindow\blurwindow\debug\blurwindow.tlog\link.command.1.tlog
e:\source\soui-master\blurwindow\blurwindow\debug\blurwindow.tlog\link.read.1.tlog
e:\source\soui-master\blurwindow\blurwindow\debug\blurwindow.tlog\link.write.1.tlog
e:\source\soui-master\blurwindow\blurwindow\debug\blurwindow.tlog\rc.command.1.tlog
e:\source\soui-master\blurwindow\blurwindow\debug\blurwindow.tlog\rc.read.1.tlog
e:\source\soui-master\blurwindow\blurwindow\debug\blurwindow.tlog\rc.write.1.tlog
